<?xml version="1.0" encoding="UTF-8"?>
<testsuite name="com.robbiemcarthur.taskprocessingservice.TaskServiceTest" tests="4" skipped="0" failures="0" errors="0" timestamp="2025-03-10T20:26:49" hostname="ROBBIES-PC" time="0.956">
  <properties/>
  <testcase name="givenValidTask_whenCreateTask_thenTaskIsSavedWithPendingStatus()" classname="com.robbiemcarthur.taskprocessingservice.TaskServiceTest" time="0.942"/>
  <testcase name="givenExistingTaskId_whenGetTaskById_thenReturnTask()" classname="com.robbiemcarthur.taskprocessingservice.TaskServiceTest" time="0.004"/>
  <testcase name="givenNonExistingTaskId_whenGetTaskById_thenThrowException()" classname="com.robbiemcarthur.taskprocessingservice.TaskServiceTest" time="0.004"/>
  <testcase name="givenTasksExist_whenGetAllTasks_thenReturnAllTasks()" classname="com.robbiemcarthur.taskprocessingservice.TaskServiceTest" time="0.003"/>
  <system-out><![CDATA[]]></system-out>
  <system-err><![CDATA[WARNING: A Java agent has been loaded dynamically (C:\Users\Robbie McArthur\.gradle\caches\modules-2\files-2.1\net.bytebuddy\byte-buddy-agent\1.14.10\90ed94ac044ea8953b224304c762316e91fd6b31\byte-buddy-agent-1.14.10.jar)
WARNING: If a serviceability tool is in use, please run with -XX:+EnableDynamicAgentLoading to hide this warning
WARNING: If a serviceability tool is not in use, please run with -Djdk.instrument.traceUsage for more information
WARNING: Dynamic loading of agents will be disallowed by default in a future release
]]></system-err>
</testsuite>
